app/proguard-rules.pro
# Add project specific ProGuard rules here.
# You can control the set of applied configuration files using the
# proguardFiles setting in build.gradle.
#
# For more details, see
#   http://developer.android.com/guide/developing/tools/proguard.html

# If your project uses WebView with JS, uncomment the following
# and specify the fully qualified class name to the JavaScript interface
# class:
#-keepclassmembers class fqcn.of.javascript.interface.for.webview {
#   public *;
#}

# Uncomment this to preserve the line number information for
# debugging stack traces.
#-keepattributes SourceFile,LineNumberTable

# If you keep the line number information, uncomment this to
# hide the original source file name.
#-renamesourcefileattribute SourceFile

#-keep class com.umeng.** {*;}
#阿里arouter混淆
-keep public class com.alibaba.android.arouter.routes.**{*;}
-keep public class com.alibaba.android.arouter.facade.**{*;}
-keep class * implements com.alibaba.android.arouter.facade.template.ISyringe{*;}

# If you use the byType method to obtain Service, add the following rules to protect the interface:
-keep interface * implements com.alibaba.android.arouter.facade.template.IProvider
# kotlin混淆
-keep class kotlinx.coroutines.android.AndroidDispatcherFactory {*;}

#腾讯bugly
-dontwarn com.tencent.bugly.**
-keep public class com.tencent.bugly.**{*;}

#视频播放器的混淆
-keep class com.shuyu.gsyvideoplayer.video.** { *; }
-dontwarn com.shuyu.gsyvideoplayer.video.**
-keep class com.shuyu.gsyvideoplayer.video.base.** { *; }
-dontwarn com.shuyu.gsyvideoplayer.video.base.**
-keep class com.shuyu.gsyvideoplayer.utils.** { *; }
-dontwarn com.shuyu.gsyvideoplayer.utils.**
-keep class tv.danmaku.ijk.** { *; }
-dontwarn tv.danmaku.ijk.**

-keep public class * extends android.view.View{
    *** get*();
    void set*(***);
    public <init>(android.content.Context);
    public <init>(android.content.Context, android.util.AttributeSet);
    public <init>(android.content.Context, android.util.AttributeSet, int);
}

#glide混淆
-keep public class * implements com.bumptech.glide.module.GlideModule
-keep class * extends com.bumptech.glide.module.AppGlideModule {
 <init>(...);
}
-keep public enum com.bumptech.glide.load.ImageHeaderParser$** {
  **[] $VALUES;
  public *;
}
-keep class com.bumptech.glide.load.data.ParcelFileDescriptorRewinder$InternalRewinder {
  *** rewind();
}

#微信混淆
-keep class com.tencent.mm.opensdk.** { *;}
-keep class com.tencent.wxop.** { *;}
-keep class com.tencent.mm.sdk.** {*;}

#友盟混淆
-keep class com.umeng.** {*;}
-keepclassmembers class * {
   public <init> (org.json.JSONObject);
}
-keepclassmembers enum * {
    public static **[] values();
    public static ** valueOf(java.lang.String);
}