app/mapping.txt
# compiler: R8
# compiler_version: 2.1.75
# min_api: 21
# pg_map_id: 320703b
# common_typos_disable
...
com.bytedance.sdk.a.a.i -> c.a.a.a.a.i:
    com.bytedance.sdk.a.a.t a -> e
    com.bytedance.sdk.a.a.t a(long,java.util.concurrent.TimeUnit) -> b
    boolean c() -> d
    long c_() -> e
    com.bytedance.sdk.a.a.t e() -> f
    com.bytedance.sdk.a.a.t f() -> g
    void g() -> h
    com.bytedance.sdk.a.a.i a(com.bytedance.sdk.a.a.t) -> i
    com.bytedance.sdk.a.a.t a() -> j
com.bytedance.sdk.a.a.j -> c.a.a.a.a.j:
    void a(com.bytedance.sdk.a.a.c,long,long) -> b
    void a(java.lang.String,int,int) -> c
    void b() -> g
    void c() -> n
    long a(com.bytedance.sdk.a.a.c,long) -> u
com.bytedance.sdk.a.a.k -> c.a.a.a.a.k:
    void c() -> g
    long a(com.bytedance.sdk.a.a.c,long) -> u
com.bytedance.sdk.a.a.l -> c.a.a.a.a.l:
    com.bytedance.sdk.a.a.e a(com.bytedance.sdk.a.a.s) -> b
    com.bytedance.sdk.a.a.r a(java.io.OutputStream,com.bytedance.sdk.a.a.t) -> c
    com.bytedance.sdk.a.a.r a(java.net.Socket) -> d
    com.bytedance.sdk.a.a.s a(java.io.InputStream) -> e
    com.bytedance.sdk.a.a.s a(java.io.InputStream,com.bytedance.sdk.a.a.t) -> f
    boolean a(java.lang.AssertionError) -> g
    com.bytedance.sdk.a.a.s b(java.net.Socket) -> h
    com.bytedance.sdk.a.a.a c(java.net.Socket) -> i
com.bytedance.sdk.a.a.l$1 -> c.a.a.a.a.l$a:
    void a_(com.bytedance.sdk.a.a.c,long) -> k0
com.bytedance.sdk.a.a.l$2 -> c.a.a.a.a.l$b:
    long a(com.bytedance.sdk.a.a.c,long) -> u
com.bytedance.sdk.a.a.l$3 -> c.a.a.a.a.l$c:
    java.net.Socket b -> k
    void a_() -> p
    java.io.IOException b(java.io.IOException) -> r
com.bytedance.sdk.a.a.m -> c.a.a.a.a.m:
    com.bytedance.sdk.a.a.d g(int) -> h
    com.bytedance.sdk.a.a.d h(int) -> i
    com.bytedance.sdk.a.a.d c(byte[]) -> i0
    com.bytedance.sdk.a.a.d i(int) -> j
    void a_(com.bytedance.sdk.a.a.c,long) -> k0
    com.bytedance.sdk.a.a.d c(byte[],int,int) -> q0
    com.bytedance.sdk.a.a.d k(long) -> w
com.bytedance.sdk.a.a.n -> c.a.a.a.a.n:
    long a(byte,long,long) -> b
    boolean a(long,com.bytedance.sdk.a.a.f,int,int) -> c
    byte[] g(long) -> e
    boolean b(long) -> f
    boolean a(long,com.bytedance.sdk.a.a.f) -> g0
    java.lang.String e(long) -> j0
    void h(long) -> m
    long a(byte) -> t
    long a(com.bytedance.sdk.a.a.c,long) -> u
    java.lang.String a(java.nio.charset.Charset) -> z
com.bytedance.sdk.a.a.n$1 -> c.a.a.a.a.n$a:
com.bytedance.sdk.a.a.o -> c.a.a.a.a.o:
    com.bytedance.sdk.a.a.o a(int) -> b
    com.bytedance.sdk.a.a.o a(com.bytedance.sdk.a.a.o) -> c
    void a(com.bytedance.sdk.a.a.o,int) -> d
    com.bytedance.sdk.a.a.o b() -> e
    void c() -> f
com.bytedance.sdk.a.a.p -> c.a.a.a.a.p:
    void a(com.bytedance.sdk.a.a.o) -> b
com.bytedance.sdk.a.a.q -> c.a.a.a.a.q:
    com.bytedance.sdk.a.a.f a(int,int) -> d
    java.lang.String a() -> g
    void a(com.bytedance.sdk.a.a.c) -> h
    boolean a(int,com.bytedance.sdk.a.a.f,int,int) -> i
    boolean a(int,byte[],int,int) -> j
    java.lang.String b() -> n
    com.bytedance.sdk.a.a.f c() -> o
    com.bytedance.sdk.a.a.f d() -> q
    java.lang.String e() -> r
    com.bytedance.sdk.a.a.f f() -> s
    int g() -> t
    byte[] h() -> u
    int b(int) -> v
    com.bytedance.sdk.a.a.f i() -> w
com.bytedance.sdk.a.a.r -> c.a.a.a.a.r:
    void a_(com.bytedance.sdk.a.a.c,long) -> k0
com.bytedance.sdk.a.a.s -> c.a.a.a.a.s:
    long a(com.bytedance.sdk.a.a.c,long) -> u
com.bytedance.sdk.a.a.t -> c.a.a.a.a.t:
    com.bytedance.sdk.a.a.t c -> d
    long d -> c
    com.bytedance.sdk.a.a.t a(long,java.util.concurrent.TimeUnit) -> b
    long b_() -> c
    boolean c() -> d
    long c_() -> e
    com.bytedance.sdk.a.a.t e() -> f
    com.bytedance.sdk.a.a.t f() -> g
    void g() -> h
com.bytedance.sdk.a.a.t$1 -> c.a.a.a.a.t$a:
    com.bytedance.sdk.a.a.t a(long,java.util.concurrent.TimeUnit) -> b
    void g() -> h